<?xml version="1.0" encoding="UTF-8"?>
<testsuite xmlns:xsi="http://www.w3.org/2001/XMLSchema-instance" xsi:noNamespaceSchemaLocation="https://maven.apache.org/surefire/maven-surefire-plugin/xsd/surefire-test-report-3.0.xsd" version="3.0" name="ncku.calculator.GraduationCheckerTest" time="0.032" tests="14" errors="0" skipped="0" failures="0">
  <properties>
[...]
</properties>
  <testcase name="testShortfall_peCountShortfall" classname="ncku.calculator.GraduationCheckerTest" time="0.002"/>
  <testcase name="testGenerateReport_peCountInReport" classname="ncku.calculator.GraduationCheckerTest" time="0.008"/>
  <testcase name="testCheckGraduation_insufficientRequiredMajor" classname="ncku.calculator.GraduationCheckerTest" time="0.001"/>
  <testcase name="testGenerateReport_ineligibleStudent" classname="ncku.calculator.GraduationCheckerTest" time="0.002"/>
  <testcase name="testCheckGraduation_halfCreditCoursesEligible" classname="ncku.calculator.GraduationCheckerTest" time="0.001"/>
  <testcase name="testCheckGraduation_insufficientGeneralEducation" classname="ncku.calculator.GraduationCheckerTest" time="0.001"/>
  <testcase name="testShortfall_exceedingRequirementShouldBeZero" classname="ncku.calculator.GraduationCheckerTest" time="0.001"/>
  <testcase name="testShortfall_correctCreditCalculation" classname="ncku.calculator.GraduationCheckerTest" time="0.0"/>
  <testcase name="testCheckGraduation_insufficientPeSophomore" classname="ncku.calculator.GraduationCheckerTest" time="0.0"/>
  <testcase name="testGenerateReport_categoryCreditsSum" classname="ncku.calculator.GraduationCheckerTest" time="0.002"/>
  <testcase name="testCheckGraduation_eligible" classname="ncku.calculator.GraduationCheckerTest" time="0.002"/>
  <testcase name="testGenerateReport_eligibleStudent" classname="ncku.calculator.GraduationCheckerTest" time="0.0"/>
  <testcase name="testGenerateReport_generalCategoryCount" classname="ncku.calculator.GraduationCheckerTest" time="0.0"/>
  <testcase name="testCheckGraduation_insufficientTotalCredits" classname="ncku.calculator.GraduationCheckerTest" time="0.001"/>
</testsuite>