<?xml version="1.0" encoding="UTF-8"?>
<testsuite xmlns:xsi="http://www.w3.org/2001/XMLSchema-instance" xsi:noNamespaceSchemaLocation="https://maven.apache.org/surefire/maven-surefire-plugin/xsd/surefire-test-report-3.0.xsd" version="3.0" name="ncku.calculator.CreditCalculatorTest" time="0.131" tests="7" errors="0" skipped="0" failures="0">
  <properties>
[...]
</properties>
  <testcase name="testDuplicateCourse_countedOnlyOnce" classname="ncku.calculator.CreditCalculatorTest" time="0.048"/>
  <testcase name="testDuplicateCourse_sameIdDifferentObject" classname="ncku.calculator.CreditCalculatorTest" time="0.001"/>
  <testcase name="testCreditsByCategory_correctGrouping" classname="ncku.calculator.CreditCalculatorTest" time="0.003"/>
  <testcase name="testTotalCredits_withZeroCredits" classname="ncku.calculator.CreditCalculatorTest" time="0.002"/>
  <testcase name="testCreditsByCategory_allZeroWhenNoCourses" classname="ncku.calculator.CreditCalculatorTest" time="0.008"/>
  <testcase name="testTotalCredits_correctSum" classname="ncku.calculator.CreditCalculatorTest" time="0.002"/>
  <testcase name="testTotalCredits_noCoursesReturnZero" classname="ncku.calculator.CreditCalculatorTest" time="0.002"/>
</testsuite>